Drop-In/build/intermediates/manifest_merge_blame_file/release/manifest-merger-blame-release-report.txt
1<?xml version="1.0" encoding="utf-8"?>
2<manifest xmlns:android="http://schemas.android.com/apk/res/android"
3    xmlns:tools="http://schemas.android.com/tools"
4    package="com.braintreepayments.api.dropin" >
5
6    <uses-sdk android:minSdkVersion="19" />
7
8    <uses-permission android:name="android.permission.ACCESS_NETWORK_STATE" />
8-->src/main/AndroidManifest.xml:5:5-78
8-->src/main/AndroidManifest.xml:5:22-76
9    <uses-permission android:name="android.permission.INTERNET" />
9-->src/main/AndroidManifest.xml:6:5-66
9-->src/main/AndroidManifest.xml:6:22-64
10
11    <application
11-->src/main/AndroidManifest.xml:8:5-23:19
12        android:supportsRtl="true"
12-->src/main/AndroidManifest.xml:9:9-35
13        tools:ignore="UnusedAttribute" >
13-->src/main/AndroidManifest.xml:10:9-39
14        <activity
14-->src/main/AndroidManifest.xml:12:9-22:20
15            android:name="com.braintreepayments.api.DropInActivity"
15-->src/main/AndroidManifest.xml:12:19-74
16            android:exported="true"
16-->src/main/AndroidManifest.xml:15:13-36
17            android:launchMode="singleTask"
17-->src/main/AndroidManifest.xml:14:13-44
18            android:theme="@style/bt_drop_in_activity_theme" >
18-->src/main/AndroidManifest.xml:13:13-61
19            <intent-filter>
19-->src/main/AndroidManifest.xml:16:13-21:29
20                <action android:name="android.intent.action.VIEW" />
20-->src/main/AndroidManifest.xml:17:17-69
20-->src/main/AndroidManifest.xml:17:25-66
21
22                <data android:scheme="${applicationId}.braintree" />
22-->src/main/AndroidManifest.xml:18:17-69
22-->src/main/AndroidManifest.xml:18:23-66
23
24                <category android:name="android.intent.category.DEFAULT" />
24-->src/main/AndroidManifest.xml:19:17-76
24-->src/main/AndroidManifest.xml:19:27-73
25                <category android:name="android.intent.category.BROWSABLE" />
25-->src/main/AndroidManifest.xml:20:17-78
25-->src/main/AndroidManifest.xml:20:27-75
26            </intent-filter>
27        </activity>
28    </application>
29
30</manifest>